I will start by viewing the files requested in the prompt to understand the project context, rules, roles, and the task at hand.
I will now read `PROJECT_CONTEXT.md` to get context on the application.
I will read `.ai/RULES.md` to learn about the constraints and execution rules.
I will read `.ai/inbox/task-005-canvas-title.md` to see the details of the task we need to execute.
I will read `index.html` to find `#canvas-container` and locate where to insert `<div id="canvas-title"></div>`.
I will view `style.css` to locate where to add the style rule for `#canvas-title`.
I will view the end of `style.css` to see the total number of lines and locate the proper placement for the new CSS.
I will view the end of `style.css` specifying both StartLine and EndLine to see the end of the file.
I will search for tab-switching and workspace loading functions in `app.js` using grep.
I will search for the definition and usages of `switchWorkspace` in `app.js`.
I will view `app.js` from line 160 to 245 to examine workspace switching and workspace loading logic.
I will search for the definition of `loadWorkspaceState` in `app.js`.
I will view lines 75 to 114 of `app.js` to see how workspaces are loaded and initialized.
I will search for all invocations of `loadWorkspaceState` in `app.js` to see where workspaces are loaded.
I will search for `currentTabName` in `app.js` to see if it is already defined or if it needs to be declared.
I will view the beginning of `app.js` to see the global state variables and initialization code.
I will search for workspace initialization or local storage loading at the end of `app.js`.
I will search for `loadFromLocalStorage` in `app.js` to see how workspace state is loaded from storage.
I will view lines 260 to 310 of `app.js` to see how `loadFromLocalStorage` is implemented.
I will view lines 1520 to 1560 of `app.js` to see how loaded project JSON files are handled and if they also use `loadWorkspaceState` or another method.
I will search for any rename workspace or tab functions in `app.js`.
I will search for double-click handlers in `app.js` to see if there's tab or node renaming logic.
I will view `app.js` lines 110 to 160 to see the double click renaming behavior of a tab.
I will modify `index.html` to add `<div id="canvas-title"></div>` inside the `#canvas-container` element.
I will modify `style.css` to add the styling rules for `#canvas-title` at the end of the file.
I will modify `app.js` to update the canvas title display during workspace loading and workspace renaming using `multi_replace_file_content`.
I will run `git status` to verify the modified files.
I will run `git diff` to review all the changes made and ensure they are clean, correct, and matching the task specifications.
I have completed the task specified in [.ai/inbox/task-005-canvas-title.md](file:///Users/happygolucky/mindmap-repo/.ai/inbox/task-005-canvas-title.md).

Here is a summary of the changes:
1. **Added Title Display Element**: Added `<div id="canvas-title"></div>` inside `#canvas-container` in [index.html](file:///Users/happygolucky/mindmap-repo/index.html).
2. **Styled Title Display Element**: Added styling rules for `#canvas-title` at the bottom of [style.css](file:///Users/happygolucky/mindmap-repo/style.css) to position it in the top-left corner of the canvas.
3. **Updated Canvas Title on Load and Rename**: Modified [app.js](file:///Users/happygolucky/mindmap-repo/app.js) to:
   - Update the text content of `#canvas-title` when loading a workspace state inside `loadWorkspaceState(ws)`.
   - Update the text content of `#canvas-title` when double-clicking to rename the currently active workspace.
