^DAn update has been received from the background task `0d4aa09e-d5ee-408d-bc7a-729d9992793e/task-180`.
The task has completed.
Task exit code: 0

Log output tail:
```
Local test server running at http://localhost:8085
Checking status of live URL: https://nickchen494949.github.io/mindmap-app/
Live URL status code: 200
Launching browser to audit local site...
Navigating page to: http://localhost:8085/
Screenshot saved to: /Users/happygolucky/mindmap-repo/.ai/reports/task-20260609-macro-economy-system-v1/screenshot.png
Local test server stopped.
Log tail saved to: /Users/happygolucky/mindmap-repo/.ai/reports/task-20260609-macro-economy-system-v1/log-tail.txt
=== Evidence packet generated successfully in: /Users/happygolucky/mindmap-repo/.ai/reports/task-20260609-macro-economy-system-v1 ===
State JSON written to: /Users/happygolucky/mindmap-repo/.ai/state/task-20260609-macro-economy-system-v1.json
Moved task file from /Users/happygolucky/mindmap-repo/.ai/inbox/task-task-20260609-macro-economy-system-v1-fix.md to /Users/happygolucky/mindmap-repo/.ai/review/task-20260609-macro-economy-system-v1.md
Syncing evidence and state to mindmap-repo...
Successfully synced files to mindmap-repo.
Running task index generator...
Scanning AI directory: /Users/happygolucky/mindmap-repo/.ai
Index generation completed successfully.
```
Error: timed out waiting for response
