^DI will start by reading the requested context files: `.ai/ROLES.md`, `PROJECT_CONTEXT.md`, `.ai/RULES.md`, and the task description in `.ai/inbox/task-003-world-economic-history-v2.md`.
I will now view `PROJECT_CONTEXT.md` and `.ai/RULES.md` to understand the project structure and guidelines.
I will now view the general rules in `.ai/RULES.md` and the specific task file in `.ai/inbox/task-003-world-economic-history-v2.md`.
I will now read the task description file `.ai/inbox/task-003-world-economic-history-v2.md`.
I will list the directory contents to locate existing JSON files and check their format and attributes.
I will list the files in the `.ai/` directory and its subdirectories to check if there are other task results or reviews that can show us the exact format of the JSON files.
I will list the files in the `generated/` directory to see if there are any existing mindmaps we can inspect.
I will view the existing `generated/machine-learning.json` to inspect the exact structure and keys of the mindmap JSON format.
I will view the rest of `generated/machine-learning.json` starting at line 400 to see the exact structure of arrows.
I will view the existing `generated/world-economic-history.json` to see what layout, colors, and positioning were used previously.
I will view lines 101 to 200 of `generated/world-economic-history.json` to see how the other columns are structured and where the nodes are positioned.
I will view lines 201 to 300 of `generated/world-economic-history.json` to see columns 6, 7, and 8.
I will view lines 301 to 400 of `generated/world-economic-history.json` to inspect the layout of the last branch.
I will view more of the arrow definitions in the old `world-economic-history.json` to see their ports configuration.
I will write the complete mindmap JSON containing all the nodes, branches, children, and cross-links with the coordinate and styling system defined above to `.ai/outbox/world-economic-history-v2.json`.
I will write the same content to the secondary output path `generated/world-economic-history-v2.json`.
I will run a validation command to verify that the generated JSON files are syntax-valid.
I will check the git status to confirm only the expected new JSON files have been created.
I have successfully completed the generation of the World Economic History V2 mindmap. Here is a summary of what was done:

1. **Read & Verified Context Files**: Read the system roles, project context, agent rules, and the task specification in `.ai/inbox/task-003-world-economic-history-v2.md`.
2. **Designed the Layout & Schema**:
   - Structured a mechanism-driven map centered at `世界经济史` with 8 distinct main columns (representing the requested branches).
   - Positioned the 68 nodes (the center, 8 branch headers, and their respective children) side-by-side vertically staggered in space to ensure high readability.
   - Used a unique light color palette (8 distinct colors matched for background/border) for each column.
   - Connected the branches and children with meaningful relational arrows.
   - Added the requested cross-links (`突破上限`, `放大连接`, `打碎秩序`, `重塑制造`, `改变目标`, `提出新问题`) using a neutral gray color to distinguish them.
3. **Generated Outputs**:
   - Created [world-economic-history-v2.json](file:///Users/happygolucky/mindmap-repo/.ai/outbox/world-economic-history-v2.json).
   - Created [world-economic-history-v2.json](file:///Users/happygolucky/mindmap-repo/generated/world-economic-history-v2.json).
4. **Validation**: Successfully parsed both files as valid JSON using python validation.
