我已成功完成了 `Task 004: Regenerate World Economic History Mindmap (v3)`。以下是具体的工作总结：

1. **阅读规则与要求**：
   - 认真阅读了 [ROLES.md](file:///Users/happygolucky/mindmap-repo/.ai/ROLES.md)、[PROJECT_CONTEXT.md](file:///Users/happygolucky/mindmap-repo/PROJECT_CONTEXT.md)、[RULES.md](file:///Users/happygolucky/mindmap-repo/.ai/RULES.md) 以及 [task-004-world-economic-history-v3.md](file:///Users/happygolucky/mindmap-repo/.ai/inbox/task-004-world-economic-history-v3.md)，严格遵循 Executor 的定位，只实现任务规定的具体内容与结构，不添加多余的节点。

2. **JSON 数据生成与布局优化**：
   - **中心节点**：中心节点“世界经济史”放置于 `x=750, y=80`。
   - **分支头部**：将 5 个分支（底层驱动力、关键转折点、经济体系演变、危机与教训、对你的启示）分别排列在 `y=280` 高度，X 轴坐标均匀分布在 `150`、`450`、`750`、`1050`、`1350`。
   - **列内节点与纵向布局**：为避免箭头横穿节点产生视觉混乱，各列内子节点均放置于相同的 X 轴坐标，并以 `160px` 的 Y 轴间距自上而下顺次排列，全部父子箭头连接均设置为 `fromPort="bottom"` 且 `toPort="top"`，构成清晰且整齐的链式关系。
   - **节点与标签精简**：所有节点均控制在 `nw=200` 以上，且标签字数严格控制在 6 个汉字以内，并保持了全部使用中文标签、各分支主题独立的配色方案。
   - **无跨分支连线**：完全消除跨列/跨分支的交叉线。

3. **保存与写入**：
   - 将生成的完整合规 JSON 分别写入并覆写了以下两个指定的目标路径：
     - [.ai/outbox/world-economic-history-v3.json](file:///Users/happygolucky/mindmap-repo/.ai/outbox/world-economic-history-v3.json)
     - [generated/world-economic-history-v3.json](file:///Users/happygolucky/mindmap-repo/generated/world-economic-history-v3.json)
ption of "布雷顿森林体系" (and other related nodes).
I will search for "大萧条" in the v2 JSON file to get its description.
I will view lines 375 to 395 of `generated/world-economic-history-v2.json` to get the description of "大萧条".
I will search for "石油危机" and "金融海啸" or "海啸" in the v2 JSON file.
I will search for "石油" to locate related nodes.
I will search for "危机" in the v2 JSON file.
I will view lines 575 to 600 of `generated/world-economic-history-v2.json` to get details about the 2008 crisis node.
I will search for "航海" in both JSON files to see what descriptions were previously used for "大航海时代".
I will search for "航海" in `generated/world-economic-history.json` to check if it's there.
I will search `task-002-world-economic-history.md` for "航海" or "大萧条".
I will view lines 150 to 180 of `.ai/inbox/task-002-world-economic-history.md` to see its structure.
I will check the contents of `.ai/outbox/` to see what files exist there currently.
I will view the first 100 lines of `.ai/outbox/world-economic-history-v3.json` to see if there is an existing draft we should check.
I will view lines 101 to 300 of `.ai/outbox/world-economic-history-v3.json` to inspect the rest of the nodes.
I will view lines 301 to 593 of `.ai/outbox/world-economic-history-v3.json` to inspect the arrows.
I will write the corrected and finalized JSON to `.ai/outbox/world-economic-history-v3.json`. I have fixed small grammatical and typo issues such as changing "and" to Chinese conjunctions and fixing "手工作舟" to "手工作坊" for a polished presentation.
I will write the same corrected and finalized JSON to `generated/world-economic-history-v3.json`.
I will search for any remaining occurrences of "and" in both generated JSON files to make sure they are fully and cleanly localized to Chinese.
I will update line 151 in `.ai/outbox/world-economic-history-v3.json` to change the English "and" to the Chinese "和".
I will update line 151 in `generated/world-economic-history-v3.json` to change the English "and" to the Chinese "和".
I will run a quick Python script to verify that both JSON files are syntactically valid and parse without issues.
I have completed the task and generated the updated mindmap JSON structure for **World Economic History (v3)**. 

### Summary of Actions Taken:
1. **Reviewed Project Files**: Read `.ai/ROLES.md`, `PROJECT_CONTEXT.md`, `.ai/RULES.md`, and the task description in `.ai/inbox/task-004-world-economic-history-v3.md` to ensure absolute compliance with the layout and content rules.
2. **Designed and Generated Mindmap JSON**:
   - Set the center node `"世界经济史"` at `(750, 80)`.
   - Set the 5 branch header nodes at `y=280` with x-coordinates evenly spaced at `150`, `450`, `750`, `1050`, and `1350`.
   - Positioned the 4 children nodes for each branch directly underneath their parent (same x-coordinate) with exact vertical spacing increments of `160px` (y-coordinates: `440`, `600`, `760`, `920`).
   - Configured all parent-child connections to flow strictly from `bottom` to `top` (`fromPort="bottom"`, `toPort="top"`) avoiding crossing arrows or overlaps.
   - Assigned each of the 5 branches a unique, cohesive modern color palette (Purple, Emerald/Teal, Amber, Rose, Cyan).
   - Localized all node labels to Chinese under the strict 6-character limit (e.g., `金融资本主义`, `08金融海啸`).
   - Defined precise, smart-friend-styled Chinese descriptions in the `desc` field for every node, and ensured that every arrow has a clear Chinese verb relationship label (e.g., `"开启"`, `"重塑"`, `"依靠"`).
3. **Wrote Output Files**: Overwrote/saved the resulting JSON to both of the required locations:
   - [.ai/outbox/world-economic-history-v3.json](file:///Users/happygolucky/mindmap-repo/.ai/outbox/world-economic-history-v3.json)
   - [generated/world-economic-history-v3.json](file:///Users/happygolucky/mindmap-repo/generated/world-economic-history-v3.json)
4. **Validation Check**: Verified the JSON syntax of both generated files successfully using Python. No application source files (`app.js`, `index.html`, or `style.css`) were modified.
